Determining if the pthread_create exist failed with the following output:
Change Dir: /home/tomiliatsereh/backupstaubli_ws/build/catkin_tools_prebuild/CMakeFiles/CMakeTmp

Run Build Command:"/usr/bin/make" "cmTC_72eb9/fast"
/usr/bin/make -f CMakeFiles/cmTC_72eb9.dir/build.make CMakeFiles/cmTC_72eb9.dir/build
make[1]: Entering directory '/home/tomiliatsereh/backupstaubli_ws/build/catkin_tools_prebuild/CMakeFiles/CMakeTmp'
Building C object CMakeFiles/cmTC_72eb9.dir/CheckSymbolExists.c.o
/usr/bin/cc    -o CMakeFiles/cmTC_72eb9.dir/CheckSymbolExists.c.o   -c /home/tomiliatsereh/backupstaubli_ws/build/catkin_tools_prebuild/CMakeFiles/CMakeTmp/CheckSymbolExists.c
Linking C executable cmTC_72eb9
/usr/bin/cmake -E cmake_link_script CMakeFiles/cmTC_72eb9.dir/link.txt --verbose=1
/usr/bin/cc      -rdynamic CMakeFiles/cmTC_72eb9.dir/CheckSymbolExists.c.o  -o cmTC_72eb9 
CMakeFiles/cmTC_72eb9.dir/CheckSymbolExists.c.o: In function `main':
CheckSymbolExists.c:(.text+0x1b): undefined reference to `pthread_create'
collect2: error: ld returned 1 exit status
CMakeFiles/cmTC_72eb9.dir/build.make:97: recipe for target 'cmTC_72eb9' failed
make[1]: *** [cmTC_72eb9] Error 1
make[1]: Leaving directory '/home/tomiliatsereh/backupstaubli_ws/build/catkin_tools_prebuild/CMakeFiles/CMakeTmp'
Makefile:126: recipe for target 'cmTC_72eb9/fast' failed
make: *** [cmTC_72eb9/fast] Error 2

File /home/tomiliatsereh/backupstaubli_ws/build/catkin_tools_prebuild/CMakeFiles/CMakeTmp/CheckSymbolExists.c:
/* */
#include <pthread.h>

int main(int argc, char** argv)
{
  (void)argv;
#ifndef pthread_create
  return ((int*)(&pthread_create))[argc];
#else
  (void)argc;
  return 0;
#endif
}

Determining if the function pthread_create exists in the pthreads failed with the following output:
Change Dir: /home/tomiliatsereh/backupstaubli_ws/build/catkin_tools_prebuild/CMakeFiles/CMakeTmp

Run Build Command:"/usr/bin/make" "cmTC_9106b/fast"
/usr/bin/make -f CMakeFiles/cmTC_9106b.dir/build.make CMakeFiles/cmTC_9106b.dir/build
make[1]: Entering directory '/home/tomiliatsereh/backupstaubli_ws/build/catkin_tools_prebuild/CMakeFiles/CMakeTmp'
Building C object CMakeFiles/cmTC_9106b.dir/CheckFunctionExists.c.o
/usr/bin/cc   -DCHECK_FUNCTION_EXISTS=pthread_create   -o CMakeFiles/cmTC_9106b.dir/CheckFunctionExists.c.o   -c /usr/share/cmake-3.10/Modules/CheckFunctionExists.c
Linking C executable cmTC_9106b
/usr/bin/cmake -E cmake_link_script CMakeFiles/cmTC_9106b.dir/link.txt --verbose=1
/usr/bin/cc  -DCHECK_FUNCTION_EXISTS=pthread_create    -rdynamic CMakeFiles/cmTC_9106b.dir/CheckFunctionExists.c.o  -o cmTC_9106b -lpthreads 
/usr/bin/ld: cannot find -lpthreads
collect2: error: ld returned 1 exit status
CMakeFiles/cmTC_9106b.dir/build.make:97: recipe for target 'cmTC_9106b' failed
make[1]: *** [cmTC_9106b] Error 1
make[1]: Leaving directory '/home/tomiliatsereh/backupstaubli_ws/build/catkin_tools_prebuild/CMakeFiles/CMakeTmp'
Makefile:126: recipe for target 'cmTC_9106b/fast' failed
make: *** [cmTC_9106b/fast] Error 2


