Determining if the pthread_create exist failed with the following output:
Change Dir: /home/tomiliatsereh/backupstaubli_ws/build/staubli_tf/CMakeFiles/CMakeTmp

Run Build Command:"/usr/bin/make" "cmTC_60cd8/fast"
/usr/bin/make -f CMakeFiles/cmTC_60cd8.dir/build.make CMakeFiles/cmTC_60cd8.dir/build
make[1]: Entering directory '/home/tomiliatsereh/backupstaubli_ws/build/staubli_tf/CMakeFiles/CMakeTmp'
Building C object CMakeFiles/cmTC_60cd8.dir/CheckSymbolExists.c.o
/usr/bin/cc    -o CMakeFiles/cmTC_60cd8.dir/CheckSymbolExists.c.o   -c /home/tomiliatsereh/backupstaubli_ws/build/staubli_tf/CMakeFiles/CMakeTmp/CheckSymbolExists.c
Linking C executable cmTC_60cd8
/usr/bin/cmake -E cmake_link_script CMakeFiles/cmTC_60cd8.dir/link.txt --verbose=1
/usr/bin/cc      -rdynamic CMakeFiles/cmTC_60cd8.dir/CheckSymbolExists.c.o  -o cmTC_60cd8 
CMakeFiles/cmTC_60cd8.dir/CheckSymbolExists.c.o: In function `main':
CheckSymbolExists.c:(.text+0x1b): undefined reference to `pthread_create'
collect2: error: ld returned 1 exit status
CMakeFiles/cmTC_60cd8.dir/build.make:97: recipe for target 'cmTC_60cd8' failed
make[1]: *** [cmTC_60cd8] Error 1
make[1]: Leaving directory '/home/tomiliatsereh/backupstaubli_ws/build/staubli_tf/CMakeFiles/CMakeTmp'
Makefile:126: recipe for target 'cmTC_60cd8/fast' failed
make: *** [cmTC_60cd8/fast] Error 2

File /home/tomiliatsereh/backupstaubli_ws/build/staubli_tf/CMakeFiles/CMakeTmp/CheckSymbolExists.c:
/* */
#include <pthread.h>

int main(int argc, char** argv)
{
  (void)argv;
#ifndef pthread_create
  return ((int*)(&pthread_create))[argc];
#else
  (void)argc;
  return 0;
#endif
}

Determining if the function pthread_create exists in the pthreads failed with the following output:
Change Dir: /home/tomiliatsereh/backupstaubli_ws/build/staubli_tf/CMakeFiles/CMakeTmp

Run Build Command:"/usr/bin/make" "cmTC_0da2d/fast"
/usr/bin/make -f CMakeFiles/cmTC_0da2d.dir/build.make CMakeFiles/cmTC_0da2d.dir/build
make[1]: Entering directory '/home/tomiliatsereh/backupstaubli_ws/build/staubli_tf/CMakeFiles/CMakeTmp'
Building C object CMakeFiles/cmTC_0da2d.dir/CheckFunctionExists.c.o
/usr/bin/cc   -DCHECK_FUNCTION_EXISTS=pthread_create   -o CMakeFiles/cmTC_0da2d.dir/CheckFunctionExists.c.o   -c /usr/share/cmake-3.10/Modules/CheckFunctionExists.c
Linking C executable cmTC_0da2d
/usr/bin/cmake -E cmake_link_script CMakeFiles/cmTC_0da2d.dir/link.txt --verbose=1
/usr/bin/cc  -DCHECK_FUNCTION_EXISTS=pthread_create    -rdynamic CMakeFiles/cmTC_0da2d.dir/CheckFunctionExists.c.o  -o cmTC_0da2d -lpthreads 
/usr/bin/ld: cannot find -lpthreads
collect2: error: ld returned 1 exit status
CMakeFiles/cmTC_0da2d.dir/build.make:97: recipe for target 'cmTC_0da2d' failed
make[1]: *** [cmTC_0da2d] Error 1
make[1]: Leaving directory '/home/tomiliatsereh/backupstaubli_ws/build/staubli_tf/CMakeFiles/CMakeTmp'
Makefile:126: recipe for target 'cmTC_0da2d/fast' failed
make: *** [cmTC_0da2d/fast] Error 2


