Determining if the pthread_create exist failed with the following output:
Change Dir: /home/tomiliatsereh/backupstaubli_ws/build/descartes_core/CMakeFiles/CMakeTmp

Run Build Command:"/usr/bin/make" "cmTC_b2c0b/fast"
/usr/bin/make -f CMakeFiles/cmTC_b2c0b.dir/build.make CMakeFiles/cmTC_b2c0b.dir/build
make[1]: Entering directory '/home/tomiliatsereh/backupstaubli_ws/build/descartes_core/CMakeFiles/CMakeTmp'
Building C object CMakeFiles/cmTC_b2c0b.dir/CheckSymbolExists.c.o
/usr/bin/cc    -o CMakeFiles/cmTC_b2c0b.dir/CheckSymbolExists.c.o   -c /home/tomiliatsereh/backupstaubli_ws/build/descartes_core/CMakeFiles/CMakeTmp/CheckSymbolExists.c
Linking C executable cmTC_b2c0b
/usr/bin/cmake -E cmake_link_script CMakeFiles/cmTC_b2c0b.dir/link.txt --verbose=1
/usr/bin/cc      -rdynamic CMakeFiles/cmTC_b2c0b.dir/CheckSymbolExists.c.o  -o cmTC_b2c0b 
CMakeFiles/cmTC_b2c0b.dir/CheckSymbolExists.c.o: In function `main':
CheckSymbolExists.c:(.text+0x1b): undefined reference to `pthread_create'
collect2: error: ld returned 1 exit status
CMakeFiles/cmTC_b2c0b.dir/build.make:97: recipe for target 'cmTC_b2c0b' failed
make[1]: *** [cmTC_b2c0b] Error 1
make[1]: Leaving directory '/home/tomiliatsereh/backupstaubli_ws/build/descartes_core/CMakeFiles/CMakeTmp'
Makefile:126: recipe for target 'cmTC_b2c0b/fast' failed
make: *** [cmTC_b2c0b/fast] Error 2

File /home/tomiliatsereh/backupstaubli_ws/build/descartes_core/CMakeFiles/CMakeTmp/CheckSymbolExists.c:
/* */
#include <pthread.h>

int main(int argc, char** argv)
{
  (void)argv;
#ifndef pthread_create
  return ((int*)(&pthread_create))[argc];
#else
  (void)argc;
  return 0;
#endif
}

Determining if the function pthread_create exists in the pthreads failed with the following output:
Change Dir: /home/tomiliatsereh/backupstaubli_ws/build/descartes_core/CMakeFiles/CMakeTmp

Run Build Command:"/usr/bin/make" "cmTC_f8cca/fast"
/usr/bin/make -f CMakeFiles/cmTC_f8cca.dir/build.make CMakeFiles/cmTC_f8cca.dir/build
make[1]: Entering directory '/home/tomiliatsereh/backupstaubli_ws/build/descartes_core/CMakeFiles/CMakeTmp'
Building C object CMakeFiles/cmTC_f8cca.dir/CheckFunctionExists.c.o
/usr/bin/cc   -DCHECK_FUNCTION_EXISTS=pthread_create   -o CMakeFiles/cmTC_f8cca.dir/CheckFunctionExists.c.o   -c /usr/share/cmake-3.10/Modules/CheckFunctionExists.c
Linking C executable cmTC_f8cca
/usr/bin/cmake -E cmake_link_script CMakeFiles/cmTC_f8cca.dir/link.txt --verbose=1
/usr/bin/cc  -DCHECK_FUNCTION_EXISTS=pthread_create    -rdynamic CMakeFiles/cmTC_f8cca.dir/CheckFunctionExists.c.o  -o cmTC_f8cca -lpthreads 
/usr/bin/ld: cannot find -lpthreads
collect2: error: ld returned 1 exit status
CMakeFiles/cmTC_f8cca.dir/build.make:97: recipe for target 'cmTC_f8cca' failed
make[1]: *** [cmTC_f8cca] Error 1
make[1]: Leaving directory '/home/tomiliatsereh/backupstaubli_ws/build/descartes_core/CMakeFiles/CMakeTmp'
Makefile:126: recipe for target 'cmTC_f8cca/fast' failed
make: *** [cmTC_f8cca/fast] Error 2


