Determining if the pthread_create exist failed with the following output:
Change Dir: /home/tomiliatsereh/backupstaubli_ws/build/staubli_tx40_manipulator_ikfast_plugin/CMakeFiles/CMakeTmp

Run Build Command:"/usr/bin/make" "cmTC_a09da/fast"
/usr/bin/make -f CMakeFiles/cmTC_a09da.dir/build.make CMakeFiles/cmTC_a09da.dir/build
make[1]: Entering directory '/home/tomiliatsereh/backupstaubli_ws/build/staubli_tx40_manipulator_ikfast_plugin/CMakeFiles/CMakeTmp'
Building C object CMakeFiles/cmTC_a09da.dir/CheckSymbolExists.c.o
/usr/bin/cc    -o CMakeFiles/cmTC_a09da.dir/CheckSymbolExists.c.o   -c /home/tomiliatsereh/backupstaubli_ws/build/staubli_tx40_manipulator_ikfast_plugin/CMakeFiles/CMakeTmp/CheckSymbolExists.c
Linking C executable cmTC_a09da
/usr/bin/cmake -E cmake_link_script CMakeFiles/cmTC_a09da.dir/link.txt --verbose=1
/usr/bin/cc      -rdynamic CMakeFiles/cmTC_a09da.dir/CheckSymbolExists.c.o  -o cmTC_a09da 
CMakeFiles/cmTC_a09da.dir/CheckSymbolExists.c.o: In function `main':
CheckSymbolExists.c:(.text+0x1b): undefined reference to `pthread_create'
collect2: error: ld returned 1 exit status
CMakeFiles/cmTC_a09da.dir/build.make:97: recipe for target 'cmTC_a09da' failed
make[1]: *** [cmTC_a09da] Error 1
make[1]: Leaving directory '/home/tomiliatsereh/backupstaubli_ws/build/staubli_tx40_manipulator_ikfast_plugin/CMakeFiles/CMakeTmp'
Makefile:126: recipe for target 'cmTC_a09da/fast' failed
make: *** [cmTC_a09da/fast] Error 2

File /home/tomiliatsereh/backupstaubli_ws/build/staubli_tx40_manipulator_ikfast_plugin/CMakeFiles/CMakeTmp/CheckSymbolExists.c:
/* */
#include <pthread.h>

int main(int argc, char** argv)
{
  (void)argv;
#ifndef pthread_create
  return ((int*)(&pthread_create))[argc];
#else
  (void)argc;
  return 0;
#endif
}

Determining if the function pthread_create exists in the pthreads failed with the following output:
Change Dir: /home/tomiliatsereh/backupstaubli_ws/build/staubli_tx40_manipulator_ikfast_plugin/CMakeFiles/CMakeTmp

Run Build Command:"/usr/bin/make" "cmTC_6b64b/fast"
/usr/bin/make -f CMakeFiles/cmTC_6b64b.dir/build.make CMakeFiles/cmTC_6b64b.dir/build
make[1]: Entering directory '/home/tomiliatsereh/backupstaubli_ws/build/staubli_tx40_manipulator_ikfast_plugin/CMakeFiles/CMakeTmp'
Building C object CMakeFiles/cmTC_6b64b.dir/CheckFunctionExists.c.o
/usr/bin/cc   -DCHECK_FUNCTION_EXISTS=pthread_create   -o CMakeFiles/cmTC_6b64b.dir/CheckFunctionExists.c.o   -c /usr/share/cmake-3.10/Modules/CheckFunctionExists.c
Linking C executable cmTC_6b64b
/usr/bin/cmake -E cmake_link_script CMakeFiles/cmTC_6b64b.dir/link.txt --verbose=1
/usr/bin/cc  -DCHECK_FUNCTION_EXISTS=pthread_create    -rdynamic CMakeFiles/cmTC_6b64b.dir/CheckFunctionExists.c.o  -o cmTC_6b64b -lpthreads 
/usr/bin/ld: cannot find -lpthreads
collect2: error: ld returned 1 exit status
CMakeFiles/cmTC_6b64b.dir/build.make:97: recipe for target 'cmTC_6b64b' failed
make[1]: *** [cmTC_6b64b] Error 1
make[1]: Leaving directory '/home/tomiliatsereh/backupstaubli_ws/build/staubli_tx40_manipulator_ikfast_plugin/CMakeFiles/CMakeTmp'
Makefile:126: recipe for target 'cmTC_6b64b/fast' failed
make: *** [cmTC_6b64b/fast] Error 2


