In file included from [01m[K/opt/ros/melodic/include/moveit/kinematic_constraints/kinematic_constraint.h:41:0[m[K,
                 from [01m[K/home/tomiliatsereh/backupstaubli_ws/src/descartes/descartes_core/include/descartes_core/robot_model.h:23[m[K,
                 from [01m[K/home/tomiliatsereh/backupstaubli_ws/src/descartes/descartes_moveit/include/descartes_moveit/moveit_state_adapter.h:22[m[K,
                 from [01m[K/home/tomiliatsereh/backupstaubli_ws/src/descartes/descartes_moveit/src/moveit_state_adapter.cpp:22[m[K:
[01m[K/opt/ros/melodic/include/moveit/robot_state/robot_state.h:[m[K In member function ‘[01m[Kbool moveit::core::RobotState::setFromIK(const moveit::core::JointModelGroup*, const Pose&, unsigned int, double, const GroupStateValidityCallbackFn&, const kinematics::KinematicsQueryOptions&)[m[K’:
[01m[K/opt/ros/melodic/include/moveit/robot_state/robot_state.h:959:89:[m[K [01;35m[Kwarning: [m[Kunused parameter ‘[01m[Kattempts[m[K’ [[01;35m[K-Wunused-parameter[m[K]
   setFromIK(const JointModelGroup* group, const geometry_msgs::Pose& pose, unsigned int [01;35m[Kattempts[m[K, double timeout = 0.0,
                                                                                         [01;35m[K^~~~~~~~[m[K
[01m[K/opt/ros/melodic/include/moveit/robot_state/robot_state.h:[m[K In member function ‘[01m[Kbool moveit::core::RobotState::setFromIK(const moveit::core::JointModelGroup*, const Pose&, const string&, unsigned int, double, const GroupStateValidityCallbackFn&, const kinematics::KinematicsQueryOptions&)[m[K’:
[01m[K/opt/ros/melodic/include/moveit/robot_state/robot_state.h:978:26:[m[K [01;35m[Kwarning: [m[Kunused parameter ‘[01m[Kattempts[m[K’ [[01;35m[K-Wunused-parameter[m[K]
             unsigned int [01;35m[Kattempts[m[K, double timeout = 0.0,
                          [01;35m[K^~~~~~~~[m[K
[01m[K/opt/ros/melodic/include/moveit/robot_state/robot_state.h:[m[K In member function ‘[01m[Kbool moveit::core::RobotState::setFromIK(const moveit::core::JointModelGroup*, const Isometry3d&, unsigned int, double, const GroupStateValidityCallbackFn&, const kinematics::KinematicsQueryOptions&)[m[K’:
[01m[K/opt/ros/melodic/include/moveit/robot_state/robot_state.h:995:87:[m[K [01;35m[Kwarning: [m[Kunused parameter ‘[01m[Kattempts[m[K’ [[01;35m[K-Wunused-parameter[m[K]
   setFromIK(const JointModelGroup* group, const Eigen::Isometry3d& pose, unsigned int [01;35m[Kattempts[m[K, double timeout = 0.0,
                                                                                       [01;35m[K^~~~~~~~[m[K
[01m[K/opt/ros/melodic/include/moveit/robot_state/robot_state.h:[m[K In member function ‘[01m[Kbool moveit::core::RobotState::setFromIK(const moveit::core::JointModelGroup*, const Isometry3d&, const string&, unsigned int, double, const GroupStateValidityCallbackFn&, const kinematics::KinematicsQueryOptions&)[m[K’:
[01m[K/opt/ros/melodic/include/moveit/robot_state/robot_state.h:1012:111:[m[K [01;35m[Kwarning: [m[Kunused parameter ‘[01m[Kattempts[m[K’ [[01;35m[K-Wunused-parameter[m[K]
   setFromIK(const JointModelGroup* group, const Eigen::Isometry3d& pose, const std::string& tip, unsigned int [01;35m[Kattempts[m[K,
                                                                                                               [01;35m[K^~~~~~~~[m[K
[01m[K/opt/ros/melodic/include/moveit/robot_state/robot_state.h:[m[K In member function ‘[01m[Kbool moveit::core::RobotState::setFromIK(const moveit::core::JointModelGroup*, const Isometry3d&, const string&, const std::vector<double>&, unsigned int, double, const GroupStateValidityCallbackFn&, const kinematics::KinematicsQueryOptions&)[m[K’:
[01m[K/opt/ros/melodic/include/moveit/robot_state/robot_state.h:1033:73:[m[K [01;35m[Kwarning: [m[Kunused parameter ‘[01m[Kattempts[m[K’ [[01;35m[K-Wunused-parameter[m[K]
             const std::vector<double>& consistency_limits, unsigned int [01;35m[Kattempts[m[K, double timeout = 0.0,
                                                                         [01;35m[K^~~~~~~~[m[K
[01m[K/opt/ros/melodic/include/moveit/robot_state/robot_state.h:[m[K In member function ‘[01m[Kbool moveit::core::RobotState::setFromIK(const moveit::core::JointModelGroup*, const vector_Isometry3d&, const std::vector<std::__cxx11::basic_string<char> >&, unsigned int, double, const GroupStateValidityCallbackFn&, const kinematics::KinematicsQueryOptions&)[m[K’:
[01m[K/opt/ros/melodic/include/moveit/robot_state/robot_state.h:1055:64:[m[K [01;35m[Kwarning: [m[Kunused parameter ‘[01m[Kattempts[m[K’ [[01;35m[K-Wunused-parameter[m[K]
             const std::vector<std::string>& tips, unsigned int [01;35m[Kattempts[m[K, double timeout = 0.0,
                                                                [01;35m[K^~~~~~~~[m[K
[01m[K/opt/ros/melodic/include/moveit/robot_state/robot_state.h:[m[K In member function ‘[01m[Kbool moveit::core::RobotState::setFromIK(const moveit::core::JointModelGroup*, const vector_Isometry3d&, const std::vector<std::__cxx11::basic_string<char> >&, const std::vector<std::vector<double> >&, unsigned int, double, const GroupStateValidityCallbackFn&, const kinematics::KinematicsQueryOptions&)[m[K’:
[01m[K/opt/ros/melodic/include/moveit/robot_state/robot_state.h:1079:26:[m[K [01;35m[Kwarning: [m[Kunused parameter ‘[01m[Kattempts[m[K’ [[01;35m[K-Wunused-parameter[m[K]
             unsigned int [01;35m[Kattempts[m[K, double timeout = 0.0,
                          [01;35m[K^~~~~~~~[m[K
[01m[K/opt/ros/melodic/include/moveit/robot_state/robot_state.h:[m[K In member function ‘[01m[Kbool moveit::core::RobotState::setFromIKSubgroups(const moveit::core::JointModelGroup*, const vector_Isometry3d&, const std::vector<std::__cxx11::basic_string<char> >&, const std::vector<std::vector<double> >&, unsigned int, double, const GroupStateValidityCallbackFn&, const kinematics::KinematicsQueryOptions&)[m[K’:
[01m[K/opt/ros/melodic/include/moveit/robot_state/robot_state.h:1102:35:[m[K [01;35m[Kwarning: [m[Kunused parameter ‘[01m[Kattempts[m[K’ [[01;35m[K-Wunused-parameter[m[K]
                      unsigned int [01;35m[Kattempts[m[K, double timeout = 0.0,
                                   [01;35m[K^~~~~~~~[m[K
In file included from [01m[K/opt/ros/melodic/include/moveit/kinematic_constraints/kinematic_constraint.h:41:0[m[K,
                 from [01m[K/home/tomiliatsereh/backupstaubli_ws/src/descartes/descartes_core/include/descartes_core/robot_model.h:23[m[K,
                 from [01m[K/home/tomiliatsereh/backupstaubli_ws/src/descartes/descartes_moveit/include/descartes_moveit/moveit_state_adapter.h:22[m[K,
                 from [01m[K/home/tomiliatsereh/backupstaubli_ws/src/descartes/descartes_moveit/include/descartes_moveit/ikfast_moveit_state_adapter.h:22[m[K,
                 from [01m[K/home/tomiliatsereh/backupstaubli_ws/src/descartes/descartes_moveit/src/ikfast_moveit_state_adapter.cpp:19[m[K:
[01m[K/opt/ros/melodic/include/moveit/robot_state/robot_state.h:[m[K In member function ‘[01m[Kbool moveit::core::RobotState::setFromIK(const moveit::core::JointModelGroup*, const Pose&, unsigned int, double, const GroupStateValidityCallbackFn&, const kinematics::KinematicsQueryOptions&)[m[K’:
[01m[K/opt/ros/melodic/include/moveit/robot_state/robot_state.h:959:89:[m[K [01;35m[Kwarning: [m[Kunused parameter ‘[01m[Kattempts[m[K’ [[01;35m[K-Wunused-parameter[m[K]
   setFromIK(const JointModelGroup* group, const geometry_msgs::Pose& pose, unsigned int [01;35m[Kattempts[m[K, double timeout = 0.0,
                                                                                         [01;35m[K^~~~~~~~[m[K
[01m[K/opt/ros/melodic/include/moveit/robot_state/robot_state.h:[m[K In member function ‘[01m[Kbool moveit::core::RobotState::setFromIK(const moveit::core::JointModelGroup*, const Pose&, const string&, unsigned int, double, const GroupStateValidityCallbackFn&, const kinematics::KinematicsQueryOptions&)[m[K’:
[01m[K/opt/ros/melodic/include/moveit/robot_state/robot_state.h:978:26:[m[K [01;35m[Kwarning: [m[Kunused parameter ‘[01m[Kattempts[m[K’ [[01;35m[K-Wunused-parameter[m[K]
             unsigned int [01;35m[Kattempts[m[K, double timeout = 0.0,
                          [01;35m[K^~~~~~~~[m[K
[01m[K/opt/ros/melodic/include/moveit/robot_state/robot_state.h:[m[K In member function ‘[01m[Kbool moveit::core::RobotState::setFromIK(const moveit::core::JointModelGroup*, const Isometry3d&, unsigned int, double, const GroupStateValidityCallbackFn&, const kinematics::KinematicsQueryOptions&)[m[K’:
[01m[K/opt/ros/melodic/include/moveit/robot_state/robot_state.h:995:87:[m[K [01;35m[Kwarning: [m[Kunused parameter ‘[01m[Kattempts[m[K’ [[01;35m[K-Wunused-parameter[m[K]
   setFromIK(const JointModelGroup* group, const Eigen::Isometry3d& pose, unsigned int [01;35m[Kattempts[m[K, double timeout = 0.0,
                                                                                       [01;35m[K^~~~~~~~[m[K
[01m[K/opt/ros/melodic/include/moveit/robot_state/robot_state.h:[m[K In member function ‘[01m[Kbool moveit::core::RobotState::setFromIK(const moveit::core::JointModelGroup*, const Isometry3d&, const string&, unsigned int, double, const GroupStateValidityCallbackFn&, const kinematics::KinematicsQueryOptions&)[m[K’:
[01m[K/opt/ros/melodic/include/moveit/robot_state/robot_state.h:1012:111:[m[K [01;35m[Kwarning: [m[Kunused parameter ‘[01m[Kattempts[m[K’ [[01;35m[K-Wunused-parameter[m[K]
   setFromIK(const JointModelGroup* group, const Eigen::Isometry3d& pose, const std::string& tip, unsigned int [01;35m[Kattempts[m[K,
                                                                                                               [01;35m[K^~~~~~~~[m[K
[01m[K/opt/ros/melodic/include/moveit/robot_state/robot_state.h:[m[K In member function ‘[01m[Kbool moveit::core::RobotState::setFromIK(const moveit::core::JointModelGroup*, const Isometry3d&, const string&, const std::vector<double>&, unsigned int, double, const GroupStateValidityCallbackFn&, const kinematics::KinematicsQueryOptions&)[m[K’:
[01m[K/opt/ros/melodic/include/moveit/robot_state/robot_state.h:1033:73:[m[K [01;35m[Kwarning: [m[Kunused parameter ‘[01m[Kattempts[m[K’ [[01;35m[K-Wunused-parameter[m[K]
             const std::vector<double>& consistency_limits, unsigned int [01;35m[Kattempts[m[K, double timeout = 0.0,
                                                                         [01;35m[K^~~~~~~~[m[K
[01m[K/opt/ros/melodic/include/moveit/robot_state/robot_state.h:[m[K In member function ‘[01m[Kbool moveit::core::RobotState::setFromIK(const moveit::core::JointModelGroup*, const vector_Isometry3d&, const std::vector<std::__cxx11::basic_string<char> >&, unsigned int, double, const GroupStateValidityCallbackFn&, const kinematics::KinematicsQueryOptions&)[m[K’:
[01m[K/opt/ros/melodic/include/moveit/robot_state/robot_state.h:1055:64:[m[K [01;35m[Kwarning: [m[Kunused parameter ‘[01m[Kattempts[m[K’ [[01;35m[K-Wunused-parameter[m[K]
             const std::vector<std::string>& tips, unsigned int [01;35m[Kattempts[m[K, double timeout = 0.0,
                                                                [01;35m[K^~~~~~~~[m[K
[01m[K/opt/ros/melodic/include/moveit/robot_state/robot_state.h:[m[K In member function ‘[01m[Kbool moveit::core::RobotState::setFromIK(const moveit::core::JointModelGroup*, const vector_Isometry3d&, const std::vector<std::__cxx11::basic_string<char> >&, const std::vector<std::vector<double> >&, unsigned int, double, const GroupStateValidityCallbackFn&, const kinematics::KinematicsQueryOptions&)[m[K’:
[01m[K/opt/ros/melodic/include/moveit/robot_state/robot_state.h:1079:26:[m[K [01;35m[Kwarning: [m[Kunused parameter ‘[01m[Kattempts[m[K’ [[01;35m[K-Wunused-parameter[m[K]
             unsigned int [01;35m[Kattempts[m[K, double timeout = 0.0,
                          [01;35m[K^~~~~~~~[m[K
[01m[K/opt/ros/melodic/include/moveit/robot_state/robot_state.h:[m[K In member function ‘[01m[Kbool moveit::core::RobotState::setFromIKSubgroups(const moveit::core::JointModelGroup*, const vector_Isometry3d&, const std::vector<std::__cxx11::basic_string<char> >&, const std::vector<std::vector<double> >&, unsigned int, double, const GroupStateValidityCallbackFn&, const kinematics::KinematicsQueryOptions&)[m[K’:
[01m[K/opt/ros/melodic/include/moveit/robot_state/robot_state.h:1102:35:[m[K [01;35m[Kwarning: [m[Kunused parameter ‘[01m[Kattempts[m[K’ [[01;35m[K-Wunused-parameter[m[K]
                      unsigned int [01;35m[Kattempts[m[K, double timeout = 0.0,
                                   [01;35m[K^~~~~~~~[m[K
In file included from [01m[K/home/tomiliatsereh/backupstaubli_ws/src/descartes/descartes_moveit/include/descartes_moveit/seed_search.h:38:0[m[K,
                 from [01m[K/home/tomiliatsereh/backupstaubli_ws/src/descartes/descartes_moveit/src/seed_search.cpp:20[m[K:
[01m[K/opt/ros/melodic/include/moveit/robot_state/robot_state.h:[m[K In member function ‘[01m[Kbool moveit::core::RobotState::setFromIK(const moveit::core::JointModelGroup*, const Pose&, unsigned int, double, const GroupStateValidityCallbackFn&, const kinematics::KinematicsQueryOptions&)[m[K’:
[01m[K/opt/ros/melodic/include/moveit/robot_state/robot_state.h:959:89:[m[K [01;35m[Kwarning: [m[Kunused parameter ‘[01m[Kattempts[m[K’ [[01;35m[K-Wunused-parameter[m[K]
   setFromIK(const JointModelGroup* group, const geometry_msgs::Pose& pose, unsigned int [01;35m[Kattempts[m[K, double timeout = 0.0,
                                                                                         [01;35m[K^~~~~~~~[m[K
[01m[K/opt/ros/melodic/include/moveit/robot_state/robot_state.h:[m[K In member function ‘[01m[Kbool moveit::core::RobotState::setFromIK(const moveit::core::JointModelGroup*, const Pose&, const string&, unsigned int, double, const GroupStateValidityCallbackFn&, const kinematics::KinematicsQueryOptions&)[m[K’:
[01m[K/opt/ros/melodic/include/moveit/robot_state/robot_state.h:978:26:[m[K [01;35m[Kwarning: [m[Kunused parameter ‘[01m[Kattempts[m[K’ [[01;35m[K-Wunused-parameter[m[K]
             unsigned int [01;35m[Kattempts[m[K, double timeout = 0.0,
                          [01;35m[K^~~~~~~~[m[K
[01m[K/opt/ros/melodic/include/moveit/robot_state/robot_state.h:[m[K In member function ‘[01m[Kbool moveit::core::RobotState::setFromIK(const moveit::core::JointModelGroup*, const Isometry3d&, unsigned int, double, const GroupStateValidityCallbackFn&, const kinematics::KinematicsQueryOptions&)[m[K’:
[01m[K/opt/ros/melodic/include/moveit/robot_state/robot_state.h:995:87:[m[K [01;35m[Kwarning: [m[Kunused parameter ‘[01m[Kattempts[m[K’ [[01;35m[K-Wunused-parameter[m[K]
   setFromIK(const JointModelGroup* group, const Eigen::Isometry3d& pose, unsigned int [01;35m[Kattempts[m[K, double timeout = 0.0,
                                                                                       [01;35m[K^~~~~~~~[m[K
[01m[K/opt/ros/melodic/include/moveit/robot_state/robot_state.h:[m[K In member function ‘[01m[Kbool moveit::core::RobotState::setFromIK(const moveit::core::JointModelGroup*, const Isometry3d&, const string&, unsigned int, double, const GroupStateValidityCallbackFn&, const kinematics::KinematicsQueryOptions&)[m[K’:
[01m[K/opt/ros/melodic/include/moveit/robot_state/robot_state.h:1012:111:[m[K [01;35m[Kwarning: [m[Kunused parameter ‘[01m[Kattempts[m[K’ [[01;35m[K-Wunused-parameter[m[K]
   setFromIK(const JointModelGroup* group, const Eigen::Isometry3d& pose, const std::string& tip, unsigned int [01;35m[Kattempts[m[K,
                                                                                                               [01;35m[K^~~~~~~~[m[K
[01m[K/opt/ros/melodic/include/moveit/robot_state/robot_state.h:[m[K In member function ‘[01m[Kbool moveit::core::RobotState::setFromIK(const moveit::core::JointModelGroup*, const Isometry3d&, const string&, const std::vector<double>&, unsigned int, double, const GroupStateValidityCallbackFn&, const kinematics::KinematicsQueryOptions&)[m[K’:
[01m[K/opt/ros/melodic/include/moveit/robot_state/robot_state.h:1033:73:[m[K [01;35m[Kwarning: [m[Kunused parameter ‘[01m[Kattempts[m[K’ [[01;35m[K-Wunused-parameter[m[K]
             const std::vector<double>& consistency_limits, unsigned int [01;35m[Kattempts[m[K, double timeout = 0.0,
                                                                         [01;35m[K^~~~~~~~[m[K
[01m[K/opt/ros/melodic/include/moveit/robot_state/robot_state.h:[m[K In member function ‘[01m[Kbool moveit::core::RobotState::setFromIK(const moveit::core::JointModelGroup*, const vector_Isometry3d&, const std::vector<std::__cxx11::basic_string<char> >&, unsigned int, double, const GroupStateValidityCallbackFn&, const kinematics::KinematicsQueryOptions&)[m[K’:
[01m[K/opt/ros/melodic/include/moveit/robot_state/robot_state.h:1055:64:[m[K [01;35m[Kwarning: [m[Kunused parameter ‘[01m[Kattempts[m[K’ [[01;35m[K-Wunused-parameter[m[K]
             const std::vector<std::string>& tips, unsigned int [01;35m[Kattempts[m[K, double timeout = 0.0,
                                                                [01;35m[K^~~~~~~~[m[K
[01m[K/opt/ros/melodic/include/moveit/robot_state/robot_state.h:[m[K In member function ‘[01m[Kbool moveit::core::RobotState::setFromIK(const moveit::core::JointModelGroup*, const vector_Isometry3d&, const std::vector<std::__cxx11::basic_string<char> >&, const std::vector<std::vector<double> >&, unsigned int, double, const GroupStateValidityCallbackFn&, const kinematics::KinematicsQueryOptions&)[m[K’:
[01m[K/opt/ros/melodic/include/moveit/robot_state/robot_state.h:1079:26:[m[K [01;35m[Kwarning: [m[Kunused parameter ‘[01m[Kattempts[m[K’ [[01;35m[K-Wunused-parameter[m[K]
             unsigned int [01;35m[Kattempts[m[K, double timeout = 0.0,
                          [01;35m[K^~~~~~~~[m[K
[01m[K/opt/ros/melodic/include/moveit/robot_state/robot_state.h:[m[K In member function ‘[01m[Kbool moveit::core::RobotState::setFromIKSubgroups(const moveit::core::JointModelGroup*, const vector_Isometry3d&, const std::vector<std::__cxx11::basic_string<char> >&, const std::vector<std::vector<double> >&, unsigned int, double, const GroupStateValidityCallbackFn&, const kinematics::KinematicsQueryOptions&)[m[K’:
[01m[K/opt/ros/melodic/include/moveit/robot_state/robot_state.h:1102:35:[m[K [01;35m[Kwarning: [m[Kunused parameter ‘[01m[Kattempts[m[K’ [[01;35m[K-Wunused-parameter[m[K]
                      unsigned int [01;35m[Kattempts[m[K, double timeout = 0.0,
                                   [01;35m[K^~~~~~~~[m[K
[01m[K/home/tomiliatsereh/backupstaubli_ws/src/descartes/descartes_moveit/src/seed_search.cpp:[m[K In function ‘[01m[Kbool doIK(moveit::core::RobotState&, const moveit::core::JointModelGroup*, const string&, const string&, const Isometry3d&, const JointConfig&, JointConfig&)[m[K’:
[01m[K/home/tomiliatsereh/backupstaubli_ws/src/descartes/descartes_moveit/src/seed_search.cpp:64:65:[m[K [01;35m[Kwarning: [m[K‘[01m[Kbool moveit::core::RobotState::setFromIK(const moveit::core::JointModelGroup*, const Isometry3d&, const string&, unsigned int, double, const GroupStateValidityCallbackFn&, const kinematics::KinematicsQueryOptions&)[m[K’ is deprecated: The attempts argument is not supported anymore. [[01;35m[K-Wdeprecated-declarations[m[K]
   if (!state.setFromIK(group, pose, tool, N_ATTEMPTS, IK_TIMEOUT[01;35m[K)[m[K)
                                                                 [01;35m[K^[m[K
In file included from [01m[K/home/tomiliatsereh/backupstaubli_ws/src/descartes/descartes_moveit/include/descartes_moveit/seed_search.h:38:0[m[K,
                 from [01m[K/home/tomiliatsereh/backupstaubli_ws/src/descartes/descartes_moveit/src/seed_search.cpp:20[m[K:
[01m[K/opt/ros/melodic/include/moveit/robot_state/robot_state.h:1012:3:[m[K [01;36m[Knote: [m[Kdeclared here
   [01;36m[KsetFromIK[m[K(const JointModelGroup* group, const Eigen::Isometry3d& pose, const std::string& tip, unsigned int attempts,
   [01;36m[K^~~~~~~~~[m[K
In file included from [01m[K/opt/ros/melodic/include/moveit/kinematic_constraints/kinematic_constraint.h:41:0[m[K,
                 from [01m[K/home/tomiliatsereh/backupstaubli_ws/src/descartes/descartes_core/include/descartes_core/robot_model.h:23[m[K,
                 from [01m[K/home/tomiliatsereh/backupstaubli_ws/src/descartes/descartes_moveit/include/descartes_moveit/moveit_state_adapter.h:22[m[K,
                 from [01m[K/home/tomiliatsereh/backupstaubli_ws/src/descartes/descartes_moveit/src/plugin_init.cpp:20[m[K:
[01m[K/opt/ros/melodic/include/moveit/robot_state/robot_state.h:[m[K In member function ‘[01m[Kbool moveit::core::RobotState::setFromIK(const moveit::core::JointModelGroup*, const Pose&, unsigned int, double, const GroupStateValidityCallbackFn&, const kinematics::KinematicsQueryOptions&)[m[K’:
[01m[K/opt/ros/melodic/include/moveit/robot_state/robot_state.h:959:89:[m[K [01;35m[Kwarning: [m[Kunused parameter ‘[01m[Kattempts[m[K’ [[01;35m[K-Wunused-parameter[m[K]
   setFromIK(const JointModelGroup* group, const geometry_msgs::Pose& pose, unsigned int [01;35m[Kattempts[m[K, double timeout = 0.0,
                                                                                         [01;35m[K^~~~~~~~[m[K
[01m[K/opt/ros/melodic/include/moveit/robot_state/robot_state.h:[m[K In member function ‘[01m[Kbool moveit::core::RobotState::setFromIK(const moveit::core::JointModelGroup*, const Pose&, const string&, unsigned int, double, const GroupStateValidityCallbackFn&, const kinematics::KinematicsQueryOptions&)[m[K’:
[01m[K/opt/ros/melodic/include/moveit/robot_state/robot_state.h:978:26:[m[K [01;35m[Kwarning: [m[Kunused parameter ‘[01m[Kattempts[m[K’ [[01;35m[K-Wunused-parameter[m[K]
             unsigned int [01;35m[Kattempts[m[K, double timeout = 0.0,
                          [01;35m[K^~~~~~~~[m[K
[01m[K/opt/ros/melodic/include/moveit/robot_state/robot_state.h:[m[K In member function ‘[01m[Kbool moveit::core::RobotState::setFromIK(const moveit::core::JointModelGroup*, const Isometry3d&, unsigned int, double, const GroupStateValidityCallbackFn&, const kinematics::KinematicsQueryOptions&)[m[K’:
[01m[K/opt/ros/melodic/include/moveit/robot_state/robot_state.h:995:87:[m[K [01;35m[Kwarning: [m[Kunused parameter ‘[01m[Kattempts[m[K’ [[01;35m[K-Wunused-parameter[m[K]
   setFromIK(const JointModelGroup* group, const Eigen::Isometry3d& pose, unsigned int [01;35m[Kattempts[m[K, double timeout = 0.0,
                                                                                       [01;35m[K^~~~~~~~[m[K
[01m[K/opt/ros/melodic/include/moveit/robot_state/robot_state.h:[m[K In member function ‘[01m[Kbool moveit::core::RobotState::setFromIK(const moveit::core::JointModelGroup*, const Isometry3d&, const string&, unsigned int, double, const GroupStateValidityCallbackFn&, const kinematics::KinematicsQueryOptions&)[m[K’:
[01m[K/opt/ros/melodic/include/moveit/robot_state/robot_state.h:1012:111:[m[K [01;35m[Kwarning: [m[Kunused parameter ‘[01m[Kattempts[m[K’ [[01;35m[K-Wunused-parameter[m[K]
   setFromIK(const JointModelGroup* group, const Eigen::Isometry3d& pose, const std::string& tip, unsigned int [01;35m[Kattempts[m[K,
                                                                                                               [01;35m[K^~~~~~~~[m[K
[01m[K/opt/ros/melodic/include/moveit/robot_state/robot_state.h:[m[K In member function ‘[01m[Kbool moveit::core::RobotState::setFromIK(const moveit::core::JointModelGroup*, const Isometry3d&, const string&, const std::vector<double>&, unsigned int, double, const GroupStateValidityCallbackFn&, const kinematics::KinematicsQueryOptions&)[m[K’:
[01m[K/opt/ros/melodic/include/moveit/robot_state/robot_state.h:1033:73:[m[K [01;35m[Kwarning: [m[Kunused parameter ‘[01m[Kattempts[m[K’ [[01;35m[K-Wunused-parameter[m[K]
             const std::vector<double>& consistency_limits, unsigned int [01;35m[Kattempts[m[K, double timeout = 0.0,
                                                                         [01;35m[K^~~~~~~~[m[K
[01m[K/opt/ros/melodic/include/moveit/robot_state/robot_state.h:[m[K In member function ‘[01m[Kbool moveit::core::RobotState::setFromIK(const moveit::core::JointModelGroup*, const vector_Isometry3d&, const std::vector<std::__cxx11::basic_string<char> >&, unsigned int, double, const GroupStateValidityCallbackFn&, const kinematics::KinematicsQueryOptions&)[m[K’:
[01m[K/opt/ros/melodic/include/moveit/robot_state/robot_state.h:1055:64:[m[K [01;35m[Kwarning: [m[Kunused parameter ‘[01m[Kattempts[m[K’ [[01;35m[K-Wunused-parameter[m[K]
             const std::vector<std::string>& tips, unsigned int [01;35m[Kattempts[m[K, double timeout = 0.0,
                                                                [01;35m[K^~~~~~~~[m[K
[01m[K/opt/ros/melodic/include/moveit/robot_state/robot_state.h:[m[K In member function ‘[01m[Kbool moveit::core::RobotState::setFromIK(const moveit::core::JointModelGroup*, const vector_Isometry3d&, const std::vector<std::__cxx11::basic_string<char> >&, const std::vector<std::vector<double> >&, unsigned int, double, const GroupStateValidityCallbackFn&, const kinematics::KinematicsQueryOptions&)[m[K’:
[01m[K/opt/ros/melodic/include/moveit/robot_state/robot_state.h:1079:26:[m[K [01;35m[Kwarning: [m[Kunused parameter ‘[01m[Kattempts[m[K’ [[01;35m[K-Wunused-parameter[m[K]
             unsigned int [01;35m[Kattempts[m[K, double timeout = 0.0,
                          [01;35m[K^~~~~~~~[m[K
[01m[K/opt/ros/melodic/include/moveit/robot_state/robot_state.h:[m[K In member function ‘[01m[Kbool moveit::core::RobotState::setFromIKSubgroups(const moveit::core::JointModelGroup*, const vector_Isometry3d&, const std::vector<std::__cxx11::basic_string<char> >&, const std::vector<std::vector<double> >&, unsigned int, double, const GroupStateValidityCallbackFn&, const kinematics::KinematicsQueryOptions&)[m[K’:
[01m[K/opt/ros/melodic/include/moveit/robot_state/robot_state.h:1102:35:[m[K [01;35m[Kwarning: [m[Kunused parameter ‘[01m[Kattempts[m[K’ [[01;35m[K-Wunused-parameter[m[K]
                      unsigned int [01;35m[Kattempts[m[K, double timeout = 0.0,
                                   [01;35m[K^~~~~~~~[m[K
In file included from [01m[K/opt/ros/melodic/include/moveit/robot_model_loader/robot_model_loader.h:43:0[m[K,
                 from [01m[K/home/tomiliatsereh/backupstaubli_ws/src/descartes/descartes_moveit/include/descartes_moveit/moveit_state_adapter.h:26[m[K,
                 from [01m[K/home/tomiliatsereh/backupstaubli_ws/src/descartes/descartes_moveit/src/moveit_state_adapter.cpp:22[m[K:
[01m[K/opt/ros/melodic/include/moveit/kinematics_plugin_loader/kinematics_plugin_loader.h:[m[K In constructor ‘[01m[Kkinematics_plugin_loader::KinematicsPluginLoader::KinematicsPluginLoader(const string&, double, unsigned int, const string&, double)[m[K’:
[01m[K/opt/ros/melodic/include/moveit/kinematics_plugin_loader/kinematics_plugin_loader.h:71:95:[m[K [01;35m[Kwarning: [m[Kunused parameter ‘[01m[Kik_attempts[m[K’ [[01;35m[K-Wunused-parameter[m[K]
   KinematicsPluginLoader(const std::string& solver_plugin, double solve_timeout, unsigned int [01;35m[Kik_attempts[m[K,
                                                                                               [01;35m[K^~~~~~~~~~~[m[K
In file included from [01m[K/opt/ros/melodic/include/moveit/robot_model_loader/robot_model_loader.h:43:0[m[K,
                 from [01m[K/home/tomiliatsereh/backupstaubli_ws/src/descartes/descartes_moveit/include/descartes_moveit/moveit_state_adapter.h:26[m[K,
                 from [01m[K/home/tomiliatsereh/backupstaubli_ws/src/descartes/descartes_moveit/include/descartes_moveit/ikfast_moveit_state_adapter.h:22[m[K,
                 from [01m[K/home/tomiliatsereh/backupstaubli_ws/src/descartes/descartes_moveit/src/ikfast_moveit_state_adapter.cpp:19[m[K:
[01m[K/opt/ros/melodic/include/moveit/kinematics_plugin_loader/kinematics_plugin_loader.h:[m[K In constructor ‘[01m[Kkinematics_plugin_loader::KinematicsPluginLoader::KinematicsPluginLoader(const string&, double, unsigned int, const string&, double)[m[K’:
[01m[K/opt/ros/melodic/include/moveit/kinematics_plugin_loader/kinematics_plugin_loader.h:71:95:[m[K [01;35m[Kwarning: [m[Kunused parameter ‘[01m[Kik_attempts[m[K’ [[01;35m[K-Wunused-parameter[m[K]
   KinematicsPluginLoader(const std::string& solver_plugin, double solve_timeout, unsigned int [01;35m[Kik_attempts[m[K,
                                                                                               [01;35m[K^~~~~~~~~~~[m[K
In file included from [01m[K/opt/ros/melodic/include/moveit/robot_model_loader/robot_model_loader.h:43:0[m[K,
                 from [01m[K/home/tomiliatsereh/backupstaubli_ws/src/descartes/descartes_moveit/include/descartes_moveit/moveit_state_adapter.h:26[m[K,
                 from [01m[K/home/tomiliatsereh/backupstaubli_ws/src/descartes/descartes_moveit/src/plugin_init.cpp:20[m[K:
[01m[K/opt/ros/melodic/include/moveit/kinematics_plugin_loader/kinematics_plugin_loader.h:[m[K In constructor ‘[01m[Kkinematics_plugin_loader::KinematicsPluginLoader::KinematicsPluginLoader(const string&, double, unsigned int, const string&, double)[m[K’:
[01m[K/opt/ros/melodic/include/moveit/kinematics_plugin_loader/kinematics_plugin_loader.h:71:95:[m[K [01;35m[Kwarning: [m[Kunused parameter ‘[01m[Kik_attempts[m[K’ [[01;35m[K-Wunused-parameter[m[K]
   KinematicsPluginLoader(const std::string& solver_plugin, double solve_timeout, unsigned int [01;35m[Kik_attempts[m[K,
                                                                                               [01;35m[K^~~~~~~~~~~[m[K
