Determining if the pthread_create exist failed with the following output:
Change Dir: /home/tomiliatsereh/backupstaubli_ws/build/staubli_tx40_moveit_config/CMakeFiles/CMakeTmp

Run Build Command:"/usr/bin/make" "cmTC_6ce4a/fast"
/usr/bin/make -f CMakeFiles/cmTC_6ce4a.dir/build.make CMakeFiles/cmTC_6ce4a.dir/build
make[1]: Entering directory '/home/tomiliatsereh/backupstaubli_ws/build/staubli_tx40_moveit_config/CMakeFiles/CMakeTmp'
Building C object CMakeFiles/cmTC_6ce4a.dir/CheckSymbolExists.c.o
/usr/bin/cc    -o CMakeFiles/cmTC_6ce4a.dir/CheckSymbolExists.c.o   -c /home/tomiliatsereh/backupstaubli_ws/build/staubli_tx40_moveit_config/CMakeFiles/CMakeTmp/CheckSymbolExists.c
Linking C executable cmTC_6ce4a
/usr/bin/cmake -E cmake_link_script CMakeFiles/cmTC_6ce4a.dir/link.txt --verbose=1
/usr/bin/cc      -rdynamic CMakeFiles/cmTC_6ce4a.dir/CheckSymbolExists.c.o  -o cmTC_6ce4a 
CMakeFiles/cmTC_6ce4a.dir/CheckSymbolExists.c.o: In function `main':
CheckSymbolExists.c:(.text+0x1b): undefined reference to `pthread_create'
collect2: error: ld returned 1 exit status
CMakeFiles/cmTC_6ce4a.dir/build.make:97: recipe for target 'cmTC_6ce4a' failed
make[1]: *** [cmTC_6ce4a] Error 1
make[1]: Leaving directory '/home/tomiliatsereh/backupstaubli_ws/build/staubli_tx40_moveit_config/CMakeFiles/CMakeTmp'
Makefile:126: recipe for target 'cmTC_6ce4a/fast' failed
make: *** [cmTC_6ce4a/fast] Error 2

File /home/tomiliatsereh/backupstaubli_ws/build/staubli_tx40_moveit_config/CMakeFiles/CMakeTmp/CheckSymbolExists.c:
/* */
#include <pthread.h>

int main(int argc, char** argv)
{
  (void)argv;
#ifndef pthread_create
  return ((int*)(&pthread_create))[argc];
#else
  (void)argc;
  return 0;
#endif
}

Determining if the function pthread_create exists in the pthreads failed with the following output:
Change Dir: /home/tomiliatsereh/backupstaubli_ws/build/staubli_tx40_moveit_config/CMakeFiles/CMakeTmp

Run Build Command:"/usr/bin/make" "cmTC_27c85/fast"
/usr/bin/make -f CMakeFiles/cmTC_27c85.dir/build.make CMakeFiles/cmTC_27c85.dir/build
make[1]: Entering directory '/home/tomiliatsereh/backupstaubli_ws/build/staubli_tx40_moveit_config/CMakeFiles/CMakeTmp'
Building C object CMakeFiles/cmTC_27c85.dir/CheckFunctionExists.c.o
/usr/bin/cc   -DCHECK_FUNCTION_EXISTS=pthread_create   -o CMakeFiles/cmTC_27c85.dir/CheckFunctionExists.c.o   -c /usr/share/cmake-3.10/Modules/CheckFunctionExists.c
Linking C executable cmTC_27c85
/usr/bin/cmake -E cmake_link_script CMakeFiles/cmTC_27c85.dir/link.txt --verbose=1
/usr/bin/cc  -DCHECK_FUNCTION_EXISTS=pthread_create    -rdynamic CMakeFiles/cmTC_27c85.dir/CheckFunctionExists.c.o  -o cmTC_27c85 -lpthreads 
/usr/bin/ld: cannot find -lpthreads
collect2: error: ld returned 1 exit status
CMakeFiles/cmTC_27c85.dir/build.make:97: recipe for target 'cmTC_27c85' failed
make[1]: *** [cmTC_27c85] Error 1
make[1]: Leaving directory '/home/tomiliatsereh/backupstaubli_ws/build/staubli_tx40_moveit_config/CMakeFiles/CMakeTmp'
Makefile:126: recipe for target 'cmTC_27c85/fast' failed
make: *** [cmTC_27c85/fast] Error 2


